  main.cpp
c:\users\blaac\documents\visual studio 2017\projects\gameengine\gameengine-core\src\graphics\window.h(4): fatal error C1083: Cannot open include file: 'GL\glew.h': No such file or directory
  batchrenderer2d.cpp
c:\users\blaac\documents\visual studio 2017\projects\gameengine\gameengine-core\src\graphics\renderer2d.h(3): fatal error C1083: Cannot open include file: 'GL/glew.h': No such file or directory
  buffer.cpp
c:\users\blaac\documents\visual studio 2017\projects\gameengine\gameengine-core\src\graphics\buffers\buffer.h(3): fatal error C1083: Cannot open include file: 'GL\glew.h': No such file or directory
  indexbuffer.cpp
c:\users\blaac\documents\visual studio 2017\projects\gameengine\gameengine-core\src\graphics\buffers\indexbuffer.h(3): fatal error C1083: Cannot open include file: 'GL\glew.h': No such file or directory
  vertexarray.cpp
c:\users\blaac\documents\visual studio 2017\projects\gameengine\gameengine-core\src\graphics\buffers\vertexarray.h(4): fatal error C1083: Cannot open include file: 'GL\glew.h': No such file or directory
  simple2drenderer.cpp
c:\users\blaac\documents\visual studio 2017\projects\gameengine\gameengine-core\src\graphics\renderer2d.h(3): fatal error C1083: Cannot open include file: 'GL/glew.h': No such file or directory
  shader.cpp
c:\users\blaac\documents\visual studio 2017\projects\gameengine\gameengine-core\src\graphics\shader.h(5): fatal error C1083: Cannot open include file: 'GL\glew.h': No such file or directory
  sprite.cpp
c:\users\blaac\documents\visual studio 2017\projects\gameengine\gameengine-core\src\graphics\buffers\buffer.h(3): fatal error C1083: Cannot open include file: 'GL\glew.h': No such file or directory
  static_sprite.cpp
c:\users\blaac\documents\visual studio 2017\projects\gameengine\gameengine-core\src\graphics\buffers\buffer.h(3): fatal error C1083: Cannot open include file: 'GL\glew.h': No such file or directory
  window.cpp
c:\users\blaac\documents\visual studio 2017\projects\gameengine\gameengine-core\src\graphics\window.h(4): fatal error C1083: Cannot open include file: 'GL\glew.h': No such file or directory
